<?xml version="1.0" encoding="UTF-8"?>
<testsuite xmlns:xsi="http://www.w3.org/2001/XMLSchema-instance" xsi:noNamespaceSchemaLocation="https://maven.apache.org/surefire/maven-surefire-plugin/xsd/surefire-test-report.xsd" version="3.0.2" name="com.bootstart.myFirstProject.MyFirstProjectApplicationTests" time="8.145" tests="1" errors="0" skipped="0" failures="0">
  <properties>
[...]
</properties>
  <testcase name="contextLoads" classname="com.bootstart.myFirstProject.MyFirstProjectApplicationTests" time="0.611">
    <system-out><![CDATA[18:25:59.135 [main] INFO org.springframework.test.context.support.AnnotationConfigContextLoaderUtils -- Could not detect default configuration classes for test class [com.bootstart.myFirstProject.MyFirstProjectApplicationTests]: MyFirstProjectApplicationTests does not declare any static, non-private, non-final, nested classes annotated with @Configuration.
18:25:59.216 [main] INFO org.springframework.boot.test.context.SpringBootTestContextBootstrapper -- Found @SpringBootConfiguration com.bootstart.myFirstProject.MyFirstProjectApplication for test class com.bootstart.myFirstProject.MyFirstProjectApplicationTests

  .   ____          _            __ _ _
 /\\ / ___'_ __ _ _(_)_ __  __ _ \ \ \ \
( ( )\___ | '_ | '_| | '_ \/ _` | \ \ \ \
 \\/  ___)| |_)| | | | | || (_| |  ) ) ) )
  '  |____| .__|_| |_|_| |_\__, | / / / /
 =========|_|==============|___/=/_/_/_/

 :: Spring Boot ::             (v3.4.0-M3)

2024-10-05T18:25:59.542+05:30  INFO 17428 --- [myFirstProject] [           main] c.b.m.MyFirstProjectApplicationTests     : Starting MyFirstProjectApplicationTests using Java 22.0.1 with PID 17428 (started by smarth in /Users/smarth/Downloads/myFirstProject)
2024-10-05T18:25:59.543+05:30  INFO 17428 --- [myFirstProject] [           main] c.b.m.MyFirstProjectApplicationTests     : No active profile set, falling back to 1 default profile: "default"
2024-10-05T18:26:00.098+05:30  INFO 17428 --- [myFirstProject] [           main] .s.d.r.c.RepositoryConfigurationDelegate : Bootstrapping Spring Data MongoDB repositories in DEFAULT mode.
2024-10-05T18:26:00.136+05:30  INFO 17428 --- [myFirstProject] [           main] .s.d.r.c.RepositoryConfigurationDelegate : Finished Spring Data repository scanning in 33 ms. Found 2 MongoDB repository interfaces.
2024-10-05T18:26:01.736+05:30  INFO 17428 --- [myFirstProject] [           main] org.mongodb.driver.client                : MongoClient with metadata {"application": {"name": "Cluster0"}, "driver": {"name": "mongo-java-driver|sync|spring-boot", "version": "5.1.4"}, "os": {"type": "Darwin", "name": "Mac OS X", "architecture": "aarch64", "version": "15.0"}, "platform": "Java/Oracle Corporation/22.0.1+8-16"} created with settings MongoClientSettings{readPreference=primary, writeConcern=WriteConcern{w=majority, wTimeout=null ms, journal=null}, retryWrites=true, retryReads=true, readConcern=ReadConcern{level=null}, credential=MongoCredential{mechanism=null, userName='sp', source='admin', password=<hidden>, mechanismProperties=<hidden>}, transportSettings=null, commandListeners=[], codecRegistry=ProvidersCodecRegistry{codecProviders=[ValueCodecProvider{}, BsonValueCodecProvider{}, DBRefCodecProvider{}, DBObjectCodecProvider{}, DocumentCodecProvider{}, CollectionCodecProvider{}, IterableCodecProvider{}, MapCodecProvider{}, GeoJsonCodecProvider{}, GridFSFileCodecProvider{}, Jsr310CodecProvider{}, JsonObjectCodecProvider{}, BsonCodecProvider{}, EnumCodecProvider{}, com.mongodb.client.model.mql.ExpressionCodecProvider@671ea6ff, com.mongodb.Jep395RecordCodecProvider@1c52552f, com.mongodb.KotlinCodecProvider@5dc769f9]}, loggerSettings=LoggerSettings{maxDocumentLength=1000}, clusterSettings={hosts=[127.0.0.1:27017], srvHost=cluster0.cr1gn.mongodb.net, srvServiceName=mongodb, mode=MULTIPLE, requiredClusterType=REPLICA_SET, requiredReplicaSetName='atlas-6cr4bx-shard-0', serverSelector='null', clusterListeners='[]', serverSelectionTimeout='30000 ms', localThreshold='15 ms'}, socketSettings=SocketSettings{connectTimeoutMS=10000, readTimeoutMS=0, receiveBufferSize=0, proxySettings=ProxySettings{host=null, port=null, username=null, password=null}}, heartbeatSocketSettings=SocketSettings{connectTimeoutMS=10000, readTimeoutMS=10000, receiveBufferSize=0, proxySettings=ProxySettings{host=null, port=null, username=null, password=null}}, connectionPoolSettings=ConnectionPoolSettings{maxSize=100, minSize=0, maxWaitTimeMS=120000, maxConnectionLifeTimeMS=0, maxConnectionIdleTimeMS=0, maintenanceInitialDelayMS=0, maintenanceFrequencyMS=60000, connectionPoolListeners=[], maxConnecting=2}, serverSettings=ServerSettings{heartbeatFrequencyMS=10000, minHeartbeatFrequencyMS=500, serverMonitoringMode=AUTO, serverListeners='[]', serverMonitorListeners='[]'}, sslSettings=SslSettings{enabled=true, invalidHostNameAllowed=false, context=null}, applicationName='Cluster0', compressorList=[], uuidRepresentation=JAVA_LEGACY, serverApi=null, autoEncryptionSettings=null, dnsClient=null, inetAddressResolver=null, contextProvider=null}
2024-10-05T18:26:01.847+05:30  INFO 17428 --- [myFirstProject] [1gn.mongodb.net] org.mongodb.driver.cluster               : Adding discovered server cluster0-shard-00-01.cr1gn.mongodb.net:27017 to client view of cluster
2024-10-05T18:26:01.864+05:30  INFO 17428 --- [myFirstProject] [1gn.mongodb.net] org.mongodb.driver.cluster               : Adding discovered server cluster0-shard-00-00.cr1gn.mongodb.net:27017 to client view of cluster
2024-10-05T18:26:01.867+05:30  INFO 17428 --- [myFirstProject] [1gn.mongodb.net] org.mongodb.driver.cluster               : Adding discovered server cluster0-shard-00-02.cr1gn.mongodb.net:27017 to client view of cluster
2024-10-05T18:26:01.952+05:30  INFO 17428 --- [myFirstProject] [           main] org.mongodb.driver.cluster               : Waiting for server to become available for operation with ID 1. Remaining time: 30000 ms. Selector: WritableServerSelector, topology description: {type=REPLICA_SET, servers=[{address=cluster0-shard-00-00.cr1gn.mongodb.net:27017, type=UNKNOWN, state=CONNECTING}, {address=cluster0-shard-00-01.cr1gn.mongodb.net:27017, type=UNKNOWN, state=CONNECTING}, {address=cluster0-shard-00-02.cr1gn.mongodb.net:27017, type=UNKNOWN, state=CONNECTING}].
2024-10-05T18:26:05.583+05:30  INFO 17428 --- [myFirstProject] [ngodb.net:27017] org.mongodb.driver.cluster               : Monitor thread successfully connected to server with description ServerDescription{address=cluster0-shard-00-01.cr1gn.mongodb.net:27017, type=REPLICA_SET_PRIMARY, state=CONNECTED, ok=true, minWireVersion=0, maxWireVersion=21, maxDocumentSize=16777216, logicalSessionTimeoutMinutes=30, roundTripTimeNanos=267973375, setName='atlas-6cr4bx-shard-0', canonicalAddress=cluster0-shard-00-01.cr1gn.mongodb.net:27017, hosts=[cluster0-shard-00-02.cr1gn.mongodb.net:27017, cluster0-shard-00-00.cr1gn.mongodb.net:27017, cluster0-shard-00-01.cr1gn.mongodb.net:27017], passives=[], arbiters=[], primary='cluster0-shard-00-01.cr1gn.mongodb.net:27017', tagSet=TagSet{[Tag{name='availabilityZone', value='aps1-az3'}, Tag{name='diskState', value='READY'}, Tag{name='nodeType', value='ELECTABLE'}, Tag{name='provider', value='AWS'}, Tag{name='region', value='AP_SOUTH_1'}, Tag{name='workloadType', value='OPERATIONAL'}]}, electionId=7fffffff0000000000000096, setVersion=109, topologyVersion=TopologyVersion{processId=6700159a88610b432ab8353f, counter=6}, lastWriteDate=Sat Oct 05 18:26:05 IST 2024, lastUpdateTimeNanos=88662968137375}
2024-10-05T18:26:05.584+05:30  INFO 17428 --- [myFirstProject] [ngodb.net:27017] org.mongodb.driver.cluster               : Monitor thread successfully connected to server with description ServerDescription{address=cluster0-shard-00-00.cr1gn.mongodb.net:27017, type=REPLICA_SET_SECONDARY, state=CONNECTED, ok=true, minWireVersion=0, maxWireVersion=21, maxDocumentSize=16777216, logicalSessionTimeoutMinutes=30, roundTripTimeNanos=264092333, setName='atlas-6cr4bx-shard-0', canonicalAddress=cluster0-shard-00-00.cr1gn.mongodb.net:27017, hosts=[cluster0-shard-00-02.cr1gn.mongodb.net:27017, cluster0-shard-00-00.cr1gn.mongodb.net:27017, cluster0-shard-00-01.cr1gn.mongodb.net:27017], passives=[], arbiters=[], primary='cluster0-shard-00-01.cr1gn.mongodb.net:27017', tagSet=TagSet{[Tag{name='availabilityZone', value='aps1-az1'}, Tag{name='diskState', value='READY'}, Tag{name='nodeType', value='ELECTABLE'}, Tag{name='provider', value='AWS'}, Tag{name='region', value='AP_SOUTH_1'}, Tag{name='workloadType', value='OPERATIONAL'}]}, electionId=null, setVersion=109, topologyVersion=TopologyVersion{processId=6700137e79d93c8831187efa, counter=5}, lastWriteDate=Sat Oct 05 18:26:05 IST 2024, lastUpdateTimeNanos=88662968055208}
2024-10-05T18:26:05.584+05:30  INFO 17428 --- [myFirstProject] [ngodb.net:27017] org.mongodb.driver.cluster               : Monitor thread successfully connected to server with description ServerDescription{address=cluster0-shard-00-02.cr1gn.mongodb.net:27017, type=REPLICA_SET_SECONDARY, state=CONNECTED, ok=true, minWireVersion=0, maxWireVersion=21, maxDocumentSize=16777216, logicalSessionTimeoutMinutes=30, roundTripTimeNanos=267839917, setName='atlas-6cr4bx-shard-0', canonicalAddress=cluster0-shard-00-02.cr1gn.mongodb.net:27017, hosts=[cluster0-shard-00-02.cr1gn.mongodb.net:27017, cluster0-shard-00-00.cr1gn.mongodb.net:27017, cluster0-shard-00-01.cr1gn.mongodb.net:27017], passives=[], arbiters=[], primary='cluster0-shard-00-01.cr1gn.mongodb.net:27017', tagSet=TagSet{[Tag{name='availabilityZone', value='aps1-az2'}, Tag{name='diskState', value='READY'}, Tag{name='nodeType', value='ELECTABLE'}, Tag{name='provider', value='AWS'}, Tag{name='region', value='AP_SOUTH_1'}, Tag{name='workloadType', value='OPERATIONAL'}]}, electionId=null, setVersion=109, topologyVersion=TopologyVersion{processId=6700180d0c0fea8115a3ae67, counter=3}, lastWriteDate=Sat Oct 05 18:26:05 IST 2024, lastUpdateTimeNanos=88662968009458}
2024-10-05T18:26:05.587+05:30  INFO 17428 --- [myFirstProject] [ngodb.net:27017] org.mongodb.driver.cluster               : Discovered replica set primary cluster0-shard-00-01.cr1gn.mongodb.net:27017 with max election id 7fffffff0000000000000096 and max set version 109
2024-10-05T18:26:06.150+05:30  INFO 17428 --- [myFirstProject] [           main] r$InitializeUserDetailsManagerConfigurer : Global AuthenticationManager configured with UserDetailsService bean with name userDetailsServiceImpl
2024-10-05T18:26:06.510+05:30  INFO 17428 --- [myFirstProject] [           main] c.b.m.MyFirstProjectApplicationTests     : Started MyFirstProjectApplicationTests in 7.201 seconds (process running for 7.886)
]]></system-out>
    <system-err><![CDATA[WARNING: A Java agent has been loaded dynamically (/Users/smarth/.m2/repository/net/bytebuddy/byte-buddy-agent/1.15.1/byte-buddy-agent-1.15.1.jar)
WARNING: If a serviceability tool is in use, please run with -XX:+EnableDynamicAgentLoading to hide this warning
WARNING: If a serviceability tool is not in use, please run with -Djdk.instrument.traceUsage for more information
WARNING: Dynamic loading of agents will be disallowed by default in a future release
]]></system-err>
  </testcase>
</testsuite>